[www.avax.network/index.html]
[backblue.gif]
[fade.gif]
[index.html]
[assets.website-files.com/6059b554e81c705f9dd2dd32/css/avax-20210101.29bce43bd.min.css]
[ajax.googleapis.com/ajax/libs/webfont/1.6.26/webfont.js]
[assets.website-files.com/6059b554e81c705f9dd2dd32/60ec67501576936ca3f767ab_AVAX_Token_Red_32.png]
[assets.website-files.com/6059b554e81c705f9dd2dd32/60ec6734b3013629d0a73ae1_AVAX_Token_Red_256.png]
[www.google.com/recaptcha/api.js]
[www.avax.network/developers.html]
[www.avax.network/validators.html]
[www.avax.network/build.html]
[www.avax.network/individuals.html]
[www.avax.network/solutions.html]
[www.avax.network/press.html]
[www.avax.network/community.html]
[assets.website-files.com/6059b554e81c705f9dd2dd32/60ec6a944b52e3e96e16af68_Avalanche_Square_Red_Circle.png]
[assets.website-files.com/6059b554e81c705f9dd2dd32/61e04e25cf303386615e0326_20220101_FND002_0.png]
[assets.website-files.com/6059b554e81c705f9dd2dd32/61e059c71015be393f654df1_verne-ho-0LAJfSNa-xQ-unsplash.jpg]
[assets.website-files.com/6059b554e81c705f9dd2dd32/61e061a29159e7550de707de_sean-pollock-PhYq704ffdA-unsplash.jpg]
[assets.website-files.com/6059b554e81c705f9dd2dd32/6092e71a2fbdf21655b7f843_TheGraph_CircleLogo.png]
[assets.website-files.com/6059b554e81c705f9dd2dd32/6065903fe4db329bbe80f8ed_Terminal.png]
[assets.website-files.com/6059b554e81c705f9dd2dd32/610a9981a324f9842462aad5_6092f5d69ec5d95b4a7a8767_Lamasticards.png]
[www.avax.network/privacy-policy.html]
[d3e54v103j8qbb.cloudfront.net/js/jquery-3.5.1.min.dc5e7f18c87551.js]
[assets.website-files.com/6059b554e81c705f9dd2dd32/js/avax-20210101.57b0d4428.js]
[connect.facebook.net/en_US/fbevents.js]
[snap.licdn.com/li.lms-analytics/insight.min.js]
[www.avax.network/index.html]
[assets.website-files.com/6059b554e81c705f9dd2dd32/css/avax-20210101.29bce43bd.min.css]
[static.ads-twitter.com/uwt.js]
[assets.website-files.com/6059b554e81c705f9dd2dd32/608a756560f19c57e8d76e38_GitHub.png]
[assets.website-files.com/6059b554e81c705f9dd2dd32/6090c371bfd76db40f416690_Sergey Nazarov.jpg]
[assets.website-files.com/6059b554e81c705f9dd2dd32/6090c39a03a470f752070d03_jeff-garzik.jpg]
[assets.website-files.com/6059b554e81c705f9dd2dd32/6090c3a989a40f3b53562581_Dmitry T.jpg]
[assets.website-files.com/6059b554e81c705f9dd2dd32/6090c87fc76cc75d37b6fd94_Ganesh Swami.jpg]
[www.avax.network/developers.html]
[www.avax.network/validators.html]
[www.avax.network/build.html]
[assets.website-files.com/6059b554e81c705f9dd2dd32/6092bbe164bdeb7944372096_Binanace_Link.png]
[assets.website-files.com/6059b554e81c705f9dd2dd32/6091aec8c2c1f1bcc948b6c9_FTX_Link.png]
[assets.website-files.com/6059b554e81c705f9dd2dd32/6091c1d882bcc2c074b368a9_Pangolin_Link.png]
[assets.website-files.com/6059b554e81c705f9dd2dd32/6092bc3d898f3541b520d66a_OKEX_Link.png]
[assets.website-files.com/6059b554e81c705f9dd2dd32/6092bc4685329d96153230eb_Huobi.png]
[assets.website-files.com/6059b554e81c705f9dd2dd32/6092bc555db627de2b1d7dfb_Paribu.png]
[assets.website-files.com/6059b554e81c705f9dd2dd32/6092bc5e1b45fe66d4edb77a_Gate.io_Link.png]
[assets.website-files.com/6059b554e81c705f9dd2dd32/6091ae9c851d872aa94eea29_Bitfinex_Link.png]
[assets.website-files.com/6059b554e81c705f9dd2dd32/6091c0eb5f2ef6a871cc4aed_Crypto.com_Link.png]
[assets.website-files.com/6059b554e81c705f9dd2dd32/60c2704b4f1cda5154aa11f4_7F10B24E035DDE3D.png]
[assets.website-files.com/6059b554e81c705f9dd2dd32/6203e8b80c4ffd44b6b60f6f_upbit copy.png]
[assets.website-files.com/6059b554e81c705f9dd2dd32/6092bcb05244ad2f555bbd9f_Ledger_Link.png]
[assets.website-files.com/6059b554e81c705f9dd2dd32/6092bca769eec83fa901c7ff_AvalancheWallet_Link.png]
[assets.website-files.com/6059b554e81c705f9dd2dd32/6091b38f920893e8ca8e3512_Frontier_Link.png]
[assets.website-files.com/6059b554e81c705f9dd2dd32/607470baa500f9f2cc5a14ff_Explorer.png]
[www.avax.network/individuals.html]
[www.avax.network/solutions.html]
[assets.website-files.com/6059b554e81c705f9dd2dd32/61e0611d6be61aa0d889bc7a_sandro-katalina-k1bO_VTiZSs-unsplash.jpg]
[assets.website-files.com/6059b554e81c705f9dd2dd32/61e05f2f45ea9e53ecbee6b7_mock-physical-crypto-tokens-on-a-dark-surface.png]
[assets.website-files.com/6059b554e81c705f9dd2dd32/60923869b2cb625a44a41e02_Commerce.jpg]
[assets.website-files.com/6059b554e81c705f9dd2dd32/61e05e1ed34f4d0b8dcb87d0_avalanche-getty-image.jpg]
[assets.website-files.com/6059b554e81c705f9dd2dd32/6078abbfe9d7aa11d4a0a9df_block building.png]
[assets.website-files.com/6059b554e81c705f9dd2dd32/609236fc1f1b9f238264e349_Avalanche-Bright.jpg]
[assets.website-files.com/6059b554e81c705f9dd2dd32/61e05cb2bc027d51a02bc129_rawfilm-ihMzQV3lleo-unsplash.jpg]
[assets.website-files.com/6059b554e81c705f9dd2dd32/6090a3879e5e382c5979defd_bloomberg.png]
[assets.website-files.com/6059b554e81c705f9dd2dd32/6092e2422fbdf25684b7d0e3_Avalanche - The Block.jpg]
[www.avax.network/press.html]
[assets.website-files.com/6059b554e81c705f9dd2dd32/6092031e5d1ccc51abce068f_clubhouse.png]
[www.avax.network/community.html]
[www.avax.network/privacy-policy.html]
[connect.facebook.net/en_US/fbevents.js]
[px.ads.linkedin.com/insight_tag_errorsd41d.gif]
[snap.licdn.com/li.lms-analytics/insight.min.js]
[www.avax.network/ecosystem]
[www.avax.network/roadmap]
[www.avax.network/avalanche-x]
[www.avax.network/c]
[www.avax.network/b.html]
[www.avax.network/POST]
